\BOOKMARK [1][-]{section.1}{\376\377\116\055\126\375\116\023\122\066\116\073\116\111\225\356\230\230}{}% 1
\BOOKMARK [1][-]{section.2}{\376\377\134\012\124\033\123\121\201\343}{}% 2
\BOOKMARK [2][-]{subsection.2.1}{\376\377\134\012\124\033}{section.2}% 3
\BOOKMARK [3][-]{subsubsection.2.1.1}{\376\377\162\254\232\154\116\113\137\303\060\001\213\332\140\366\213\332\140\120\060\001\230\177\231\226\230\177\231\226\060\001\153\173\177\152\153\173\177\152}{subsection.2.1}% 4
\BOOKMARK [3][-]{subsubsection.2.1.2}{\376\377\154\375\123\312\203\111\147\050}{subsection.2.1}% 5
\BOOKMARK [3][-]{subsubsection.2.1.3}{\376\377\203\122\125\020\213\317\116\344}{subsection.2.1}% 6
\BOOKMARK [2][-]{subsection.2.2}{\376\377\131\164\142\115\116\016\201\343\131\276}{section.2}% 7
\BOOKMARK [1][-]{section.3}{\376\377\131\111\131\051\142\177\217\320}{}% 8
\BOOKMARK [2][-]{subsection.3.1}{\376\377\137\072\200\005\116\072\163\213}{section.3}% 9
\BOOKMARK [2][-]{subsection.3.2}{\376\377\124\033\147\103\131\051\143\210}{section.3}% 10
\BOOKMARK [2][-]{subsection.3.3}{\376\377\116\224\137\267\176\310\131\313}{section.3}% 11
\BOOKMARK [2][-]{subsection.3.4}{\376\377\131\051\116\272\141\037\136\224}{section.3}% 12
\BOOKMARK [2][-]{subsection.3.5}{\376\377\163\213\147\103\116\016\145\131\147\103}{section.3}% 13
\BOOKMARK [1][-]{section.4}{\376\377\116\072\154\021\162\066\153\315}{}% 14
\BOOKMARK [2][-]{subsection.4.1}{\376\377\133\266\225\177\116\073\116\111}{section.4}% 15
\BOOKMARK [2][-]{subsection.4.2}{\376\377\116\055\123\344\137\340\133\135\121\110\124\016\213\272}{section.4}% 16
\BOOKMARK [1][-]{section.5}{\376\377\116\007\220\246\116\113\116\073}{}% 17
\BOOKMARK [2][-]{subsection.5.1}{\376\377\116\224\147\015\126\376\116\016\131\051\133\120\163\272}{section.5}% 18
\BOOKMARK [2][-]{subsection.5.2}{\376\377\121\214\134\001\116\016\147\035\215\041}{section.5}% 19
\BOOKMARK [1][-]{section.6}{\376\377\215\160\124\021\121\161\124\214\377\014\116\023\122\066\166\204\176\310\176\323}{}% 20
\BOOKMARK [2][-]{subsection.6.1}{\376\377\123\116\166\333\230\177\166\204\117\040\131\107}{section.6}% 21
\BOOKMARK [2][-]{subsection.6.2}{\376\377\217\233\116\245\227\151\124\175}{section.6}% 22
\BOOKMARK [2][-]{subsection.6.3}{\376\377\210\201\116\026\121\357\136\035\122\066\201\352\116\072}{section.6}% 23
\BOOKMARK [2][-]{subsection.6.4}{\376\377\137\123\116\343\171\360\136\035\225\371\122\147}{section.6}% 24
