\BOOKMARK [1][-]{section.1}{\376\377\124\150\116\343\166\204\121\154\123\177}{}% 1
\BOOKMARK [1][-]{section.2}{\376\377\116\316\116\036\166\370\122\027\123\177\122\060\116\011\167\001\121\155\220\350}{}% 2
\BOOKMARK [2][-]{subsection.2.1}{\376\377\154\111\116\343\166\204\116\011\121\154\213\370\123\177}{section.2}% 3
\BOOKMARK [3][-]{subsubsection.2.1.1}{\376\377\211\177\154\111\116\011\121\154\166\204\123\330\217\301}{subsection.2.1}% 4
\BOOKMARK [3][-]{subsubsection.2.1.2}{\376\377\154\111\116\343\166\204\213\370\123\177}{subsection.2.1}% 5
\BOOKMARK [2][-]{subsection.2.2}{\376\377\116\011\167\001\166\204\137\142\142\020\123\312\121\166\157\024\123\330}{section.2}% 6
\BOOKMARK [3][-]{subsubsection.2.2.1}{\376\377\154\111\116\343\166\204\116\055\147\035\133\230\124\214\134\032\116\146}{subsection.2.2}% 7
\BOOKMARK [2][-]{subsection.2.3}{\376\377\226\213\124\214\125\020\122\035\166\204\116\011\167\001\121\155\220\350}{section.2}% 8
\BOOKMARK [3][-]{subsubsection.2.3.1}{\376\377\122\006\134\102\121\263\173\126}{subsection.2.3}% 9
\BOOKMARK [3][-]{subsubsection.2.3.2}{\376\377\225\350\116\013\167\001\147\242\176\275\127\060\117\115}{subsection.2.3}% 10
\BOOKMARK [2][-]{subsection.2.4}{\376\377\116\316\116\011\167\001\122\060\116\000\167\001}{section.2}% 11
\BOOKMARK [3][-]{subsubsection.2.4.1}{\376\377\116\055\116\146\225\350\116\013}{subsection.2.4}% 12
\BOOKMARK [3][-]{subsubsection.2.4.2}{\376\377\117\177\200\114\166\204\121\372\163\260\116\016\142\151\137\040}{subsection.2.4}% 13
\BOOKMARK [3][-]{subsubsection.2.4.3}{\376\377\116\011\167\001\122\060\116\000\167\001\166\204\155\101\123\330}{subsection.2.4}% 14
\BOOKMARK [1][-]{section.3}{\376\377\166\370\147\103\204\016\177\051\124\016\166\204\166\207\136\035\116\016\121\155\220\350}{}% 15
\BOOKMARK [2][-]{subsection.3.1}{\376\377\133\260\166\370\122\066\166\204\136\237\226\144}{section.3}% 16
\BOOKMARK [2][-]{subsection.3.2}{\376\377\146\016\156\005\121\155\220\350}{section.3}% 17
\BOOKMARK [2][-]{subsection.3.3}{\376\377\121\205\226\001\116\016\121\233\147\072\131\004}{section.3}% 18
\BOOKMARK [3][-]{subsubsection.3.3.1}{\376\377\121\205\226\001}{subsection.3.3}% 19
\BOOKMARK [3][-]{subsubsection.3.3.2}{\376\377\121\233\147\072\131\004}{subsection.3.3}% 20
