\BOOKMARK [1][-]{section.1}{\376\377\137\025\212\000}{}% 1
\BOOKMARK [2][-]{subsection.1.1}{\376\377\116\300\116\110\146\057\154\325\137\213\377\037}{section.1}% 2
\BOOKMARK [2][-]{subsection.1.2}{\376\377\116\055\126\375\117\040\176\337\154\325\122\066}{section.1}% 3
\BOOKMARK [2][-]{subsection.1.3}{\376\377\151\202\137\365\377\032\154\325\174\373}{section.1}% 4
\BOOKMARK [1][-]{section.2}{\376\377\116\316\116\224\122\021\122\060\171\346\137\213}{}% 5
\BOOKMARK [2][-]{subsection.2.1}{\376\377\145\351\147\037\126\375\133\266\166\204\154\325\137\213}{section.2}% 6
\BOOKMARK [3][-]{subsubsection.2.1.1}{\376\377\154\325\116\344\215\167\156\220\377\032\126\340\116\161\117\134\122\021}{subsection.2.1}% 7
\BOOKMARK [3][-]{subsubsection.2.1.2}{\376\377\116\224\122\021\377\032\116\345\122\021\176\337\177\152}{subsection.2.1}% 8
\BOOKMARK [3][-]{subsubsection.2.1.3}{\376\377\122\263\137\171\122\021\000\267\171\074\116\016\122\021}{subsection.2.1}% 9
\BOOKMARK [3][-]{subsubsection.2.1.4}{\376\377\154\325\137\213\116\016\145\207\123\026\174\276\171\136}{subsection.2.1}% 10
\BOOKMARK [3][-]{subsubsection.2.1.5}{\376\377\164\006\140\047\127\060\133\373\154\102\121\154\136\163\153\143\116\111}{subsection.2.1}% 11
\BOOKMARK [2][-]{subsection.2.2}{\376\377\116\316\060\012\154\325\176\317\060\013\122\060\171\346\137\213}{section.2}% 12
\BOOKMARK [3][-]{subsubsection.2.2.1}{\376\377\154\325\176\317\377\032\116\055\123\116\154\325\137\213\116\113\171\126}{subsection.2.2}% 13
\BOOKMARK [3][-]{subsubsection.2.2.2}{\376\377\171\346\137\213}{subsection.2.2}% 14
\BOOKMARK [1][-]{section.3}{\376\377\136\035\122\066\145\366\116\343\166\204\154\325\121\170}{}% 15
\BOOKMARK [2][-]{subsection.3.1}{\376\377\116\015\145\255\215\213\176\101\166\204\154\111\137\213}{section.3}% 16
\BOOKMARK [2][-]{subsection.3.2}{\376\377\116\316\137\213\116\344\171\321\153\324\122\060\137\213\116\344\150\074\137\017}{section.3}% 17
\BOOKMARK [3][-]{subsubsection.3.2.1}{\376\377\233\117\146\113\116\113\226\105\377\014\137\213\116\344\122\006\220\024}{subsection.3.2}% 18
\BOOKMARK [2][-]{subsection.3.3}{\376\377\125\020\133\213\146\016\156\005\166\204\154\325\137\213}{section.3}% 19
\BOOKMARK [3][-]{subsubsection.3.3.1}{\376\377\125\020\137\213\116\344}{subsection.3.3}% 20
\BOOKMARK [3][-]{subsubsection.3.3.2}{\376\377\145\125\000\267\117\213}{subsection.3.3}% 21
\BOOKMARK [2][-]{subsection.3.4}{\376\377\116\055\131\026\133\371\153\324}{section.3}% 22
\BOOKMARK [1][-]{section.4}{\376\377\122\021\177\132\117\123\174\373\166\204\123\330\217\301}{}% 23
\BOOKMARK [1][-]{section.5}{\376\377\171\074\154\273\116\073\116\111\116\016\133\266\145\317\116\073\116\111}{}% 24
\BOOKMARK [1][-]{section.6}{\376\377\173\111\176\247\116\073\116\111\116\016\126\375\133\266\116\073\116\111}{}% 25
