\BOOKMARK [1][-]{section.1}{\376\377\137\025\133\120}{}% 1
\BOOKMARK [2][-]{subsection.1.1}{\376\377\123\206\116\343\145\077\136\234\211\304\152\041}{section.1}% 2
\BOOKMARK [2][-]{subsection.1.2}{\376\377\220\011\133\230\122\066\136\246\166\204\166\356\166\204}{section.1}% 3
\BOOKMARK [2][-]{subsection.1.3}{\376\377\220\011\133\230\122\066\136\246\123\330\123\026\166\204\123\237\126\340}{section.1}% 4
\BOOKMARK [2][-]{subsection.1.4}{\376\377\220\011\133\230\122\066\136\246\123\330\123\026\123\206\172\013}{section.1}% 5
\BOOKMARK [1][-]{section.2}{\376\377\215\065\145\317\145\077\154\273\166\204\116\026\123\177\116\026\171\204}{}% 6
\BOOKMARK [2][-]{subsection.2.1}{\376\377\142\030\126\375\377\032\220\011\215\044\116\373\200\375\166\204\137\000\172\357}{section.2}% 7
\BOOKMARK [1][-]{section.3}{\376\377\220\011\215\044\116\373\200\375\377\032\154\111\116\343\133\337\116\076}{}% 8
\BOOKMARK [2][-]{subsection.3.1}{\376\377\133\337\116\076\122\033\172\313}{section.3}% 9
\BOOKMARK [2][-]{subsection.3.2}{\376\377\162\171\160\271\122\006\147\220}{section.3}% 10
\BOOKMARK [3][-]{subsubsection.3.2.1}{\376\377\133\337\116\076\122\066\162\171\160\271\377\032\143\250\203\120\122\066}{subsection.3.2}% 11
\BOOKMARK [1][-]{section.4}{\376\377\116\373\133\120\060\001\116\135\124\301\116\055\153\143\122\066\116\016\225\350\203\153}{}% 12
\BOOKMARK [2][-]{subsection.4.1}{\376\377\116\373\133\120\116\016\121\205\117\215}{section.4}% 13
\BOOKMARK [2][-]{subsection.4.2}{\376\377\116\135\124\301\133\230\116\272\154\325}{section.4}% 14
\BOOKMARK [2][-]{subsection.4.3}{\376\377\116\055\123\344\116\345\215\065\137\171\215\061}{section.4}% 15
\BOOKMARK [2][-]{subsection.4.4}{\376\377\125\020\116\343\225\350\203\153}{section.4}% 16
\BOOKMARK [2][-]{subsection.4.5}{\376\377\133\213\116\343\140\151\203\153}{section.4}% 17
\BOOKMARK [2][-]{subsection.4.6}{\376\377\146\016\156\005\140\151\203\153}{section.4}% 18
\BOOKMARK [1][-]{section.5}{\376\377\171\321\116\076\200\003\213\325\377\032\121\154\136\163\172\336\116\211}{}% 19
\BOOKMARK [2][-]{subsection.5.1}{\376\377\125\020\116\343\171\321\116\076}{section.5}% 20
\BOOKMARK [2][-]{subsection.5.2}{\376\377\133\213\116\343\171\321\116\076}{section.5}% 21
\BOOKMARK [3][-]{subsubsection.5.2.1}{\376\377\162\171\131\117\124\015}{subsection.5.2}% 22
\BOOKMARK [2][-]{subsection.5.3}{\376\377\133\213\146\016\156\005\171\321\116\076}{section.5}% 23
