\BOOKMARK [1][-]{section.1}{\376\377\177\026\142\067\237\120\154\021\117\123\122\066\166\204\121\372\163\260\123\312\121\166\141\017\116\111}{}% 1
\BOOKMARK [2][-]{subsection.1.1}{\376\377\121\110\171\346}{section.1}% 2
\BOOKMARK [3][-]{subsubsection.1.1.1}{\376\377\211\177\124\150}{subsection.1.1}% 3
\BOOKMARK [3][-]{subsubsection.1.1.2}{\376\377\142\030\126\375}{subsection.1.1}% 4
\BOOKMARK [3][-]{subsubsection.1.1.3}{\376\377\141\017\116\111}{subsection.1.1}% 5
\BOOKMARK [2][-]{subsection.1.2}{\376\377\211\177\146\113}{section.1}% 6
\BOOKMARK [2][-]{subsection.1.3}{\376\377\123\127\123\027\147\035}{section.1}% 7
\BOOKMARK [1][-]{section.2}{\376\377\116\055\131\056\133\371\127\060\145\271\145\077\136\234\166\204\143\247\122\066}{}% 8
\BOOKMARK [2][-]{subsection.2.1}{\376\377\127\060\145\271\145\077\123\072\166\204\134\102\176\247\123\330\217\301}{section.2}% 9
\BOOKMARK [3][-]{subsubsection.2.1.1}{\376\377\171\346\154\111\233\117\146\113\123\127\123\027\147\035\116\316\116\044\176\247\122\060\116\011\176\247}{subsection.2.1}% 10
\BOOKMARK [3][-]{subsubsection.2.1.2}{\376\377\226\213\125\020\133\213\225\364\116\316\116\044\176\247\122\060\116\011\176\247}{subsection.2.1}% 11
\BOOKMARK [3][-]{subsubsection.2.1.3}{\376\377\121\103\146\016\156\005\116\316\131\032\176\247\122\066\122\060\116\011\176\247\122\066}{subsection.2.1}% 12
\BOOKMARK [2][-]{subsection.2.2}{\376\377\116\055\131\056\060\001\127\060\145\271\122\051\166\312\116\000\201\364\140\047\116\113\217\375\154\102}{section.2}% 13
\BOOKMARK [3][-]{subsubsection.2.2.1}{\376\377\133\371\133\227\133\244\210\100\116\262\166\204\122\051\165\050}{subsection.2.2}% 14
\BOOKMARK [3][-]{subsubsection.2.2.2}{\376\377\127\060\145\271\133\230\124\130\166\204\116\055\131\056\216\253\116\375}{subsection.2.2}% 15
\BOOKMARK [3][-]{subsubsection.2.2.3}{\376\377\116\055\131\056\155\076\121\372\147\072\147\204}{subsection.2.2}% 16
\BOOKMARK [2][-]{subsection.2.3}{\376\377\116\055\131\056\133\371\147\011\145\110\116\206\211\343\116\013\140\305\166\204\122\252\122\233}{section.2}% 17
\BOOKMARK [1][-]{section.3}{\376\377\116\055\131\056\133\371\127\060\145\271\171\076\117\032\166\204\143\247\122\066}{}% 18
\BOOKMARK [2][-]{subsection.3.1}{\376\377\116\141\133\230\040\024\040\024\200\114\137\171}{section.3}% 19
\BOOKMARK [3][-]{subsubsection.3.1.1}{\376\377\125\020}{subsection.3.1}% 20
\BOOKMARK [3][-]{subsubsection.3.1.2}{\376\377\133\213}{subsection.3.1}% 21
\BOOKMARK [3][-]{subsubsection.3.1.3}{\376\377\146\016}{subsection.3.1}% 22
\BOOKMARK [3][-]{subsubsection.3.1.4}{\376\377\156\005}{subsection.3.1}% 23
\BOOKMARK [3][-]{subsubsection.3.1.5}{\376\377\145\345\143\156\123\072}{subsection.3.1}% 24
\BOOKMARK [3][-]{subsubsection.3.1.6}{\376\377\145\071\227\151\137\000\145\076\145\366\147\037}{subsection.3.1}% 25
\BOOKMARK [3][-]{subsubsection.3.1.7}{\376\377\131\202\116\312}{subsection.3.1}% 26
